Command line:
   schematic_schematic_sch_tb_isim_beh.exe
     -simmode  gui
     -simrunnum  0
     -socket  1264

Mon Oct 14 20:55:08 2019


 Elaboration Time: 0.046875 sec

 Current Memory Usage: 361.275 Meg

 Total Signals          : 172
 Total Nets             : 57
 Total Signal Drivers   : 29
 Total Blocks           : 28
 Total Primitive Blocks : 25
 Total Processes        : 20
 Total Traceable Variables  : 13
 Total Scalar Nets and Variables : 540
Total Line Count : 39

 Total Simulation Time: 0.0625 sec

 Current Memory Usage: 361.275 Meg

Mon Oct 14 20:55:18 2019

